Jun 06, 2019 10:16:55 PM dsd.Mtl_server addEvent
INFO: Manager with ID: MTLM1234 Add Event MTLM05010119
Jun 06, 2019 10:21:20 PM dsd.Mtl_server removeEvent
INFO: EventMTLM010119 Removed EventType SEM
Jun 06, 2019 10:24:19 PM dsd.Mtl_server removeEvent
INFO: EventMTLM010119 Removed EventType SEM
Jun 06, 2019 10:25:53 PM dsd.Mtl_server removeEvent
INFO: EventMTLM010119 Removed EventType SEM
Jun 06, 2019 10:30:57 PM dsd.Mtl_server removeEvent
INFO: EventMTLM010119 Removed EventType SEM
Jun 06, 2019 10:35:37 PM dsd.Mtl_server addEvent
INFO: Manager with ID: MTLM1234 Add Event MTLM020220
Jun 06, 2019 10:36:54 PM dsd.Mtl_server removeEvent
INFO: EventMTLM010119 Removed EventType SEM
Jun 06, 2019 10:39:38 PM dsd.Mtl_server removeEvent
INFO: EventMTLM020220 Removed EventType SEM
Jun 06, 2019 10:41:09 PM dsd.Mtl_server addEvent
INFO: Manager with ID: MTLM1234 Add Event MTLM020220
Jun 06, 2019 10:41:09 PM dsd.Mtl_server removeEvent
INFO: EventMTLM020220 Removed EventType SEM
Jun 06, 2019 11:13:14 PM dsd.Mtl_server cancelEvent
INFO: Customer with ID: MTLC2346 cancel in Event TORM040119 For TS
