Jun 06, 2019 10:57:26 PM dsd.Client1 main
INFO: Customer ID: MTLC2346Booking for MTLM010119 is succesful for the MTLC2346
Jun 06, 2019 10:57:34 PM dsd.Client1 main
INFO: Customer ID: MTLC2346Booking for MTLA030119 is succesful for the MTLC2346
Jun 06, 2019 10:57:49 PM dsd.Client1 main
INFO: Customer ID: MTLC2346enter valid event id
Jun 06, 2019 11:09:57 PM dsd.Client1 main
INFO: Customer ID: MTLC2346Enter valid Event ID.
Jun 06, 2019 11:10:31 PM dsd.Client1 main
INFO: Customer ID: MTLC2346Booking for TORM040119 is succesful for the MTLC2346
Jun 06, 2019 11:11:35 PM dsd.Client1 main
INFO: Customer ID: MTLC2346Booking for TORA040119 is succesful for the MTLC2346
Jun 06, 2019 11:11:53 PM dsd.Client1 main
INFO: Customer ID: MTLC2346Booking for TORE040119 is succesful for the MTLC2346
Jun 06, 2019 11:12:27 PM dsd.Client1 main
INFO: Customer ID: MTLC2346You have already registered in 3 events outside Montreal
Jun 06, 2019 11:13:14 PM dsd.Client1 main
INFO: Customer ID: MTLC2346TORM040119 Event has been removed.
Jun 06, 2019 11:13:36 PM dsd.Client1 main
INFO: Customer ID: MTLC2346Booking for OTWM050119 is succesful for the MTLC2346
Jun 06, 2019 11:15:32 PM dsd.Client1 main
INFO: Customer ID: MTLC1234Booking for OTWA050119 is succesful for the MTLC1234
